Using pre-set license
Built from '2020.3/staging' branch; Version is '2020.3.0f1 (c7b5465681fb) revision 13088070'; Using compiler version '192528614'; Build Type 'Release'
OS: 'Windows 10 Home; OS build 19042.1165; Version 2009; 64bit' Language: 'zh' Physical Memory: 16336 MB
BatchMode: 1, IsHumanControllingUs: 0, StartBugReporterOnCrash: 0, Is64bit: 1, IsPro: 0

 COMMAND LINE ARGUMENTS:
C:\Program Files\Unity\Hub\Editor\2020.3.0f1\Editor\Unity.exe
-adb2
-batchMode
-noUpm
-name
AssetImportWorker0
-projectPath
C:/Users/35109/Desktop/Commonly Used/School/Cargo-Droneport
-logFile
Logs/AssetImportWorker0.log
-srvPort
64692
Successfully changed project path to: C:/Users/35109/Desktop/Commonly Used/School/Cargo-Droneport
C:/Users/35109/Desktop/Commonly Used/School/Cargo-Droneport
Using Asset Import Pipeline V2.
Refreshing native plugins compatible for Editor in 65.98 ms, found 0 plugins.
Preloading 0 native plugins for Editor in 0.00 ms.
Initialize engine version: 2020.3.0f1 (c7b5465681fb)
[Subsystems] Discovering subsystems at path C:/Program Files/Unity/Hub/Editor/2020.3.0f1/Editor/Data/Resources/UnitySubsystems
[Subsystems] Discovering subsystems at path C:/Users/35109/Desktop/Commonly Used/School/Cargo-Droneport/Assets
GfxDevice: creating device client; threaded=0
Direct3D:
    Version:  Direct3D 11.0 [level 11.1]
    Renderer: NVIDIA GeForce GTX 1080 (ID=0x1b80)
    Vendor:   
    VRAM:     8079 MB
    Driver:   27.21.14.6109
Shader 'Universal Render Pipeline/Particles/Lit': fallback shader 'Universal Render Pipeline/Particles/SimpleLit' not found
Initialize mono
Mono path[0] = 'C:/Program Files/Unity/Hub/Editor/2020.3.0f1/Editor/Data/Managed'
Mono path[1] = 'C:/Program Files/Unity/Hub/Editor/2020.3.0f1/Editor/Data/MonoBleedingEdge/lib/mono/unityjit'
Mono config path = 'C:/Program Files/Unity/Hub/Editor/2020.3.0f1/Editor/Data/MonoBleedingEdge/etc'
Using monoOptions --debugger-agent=transport=dt_socket,embedding=1,server=y,suspend=n,address=127.0.0.1:56960
Begin MonoManager ReloadAssembly
Registering precompiled unity dll's ...
Register platform support module: C:/Program Files/Unity/Hub/Editor/2020.3.0f1/Editor/Data/PlaybackEngines/WindowsStandaloneSupport/UnityEditor.WindowsStandalone.Extensions.dll
Registered in 0.007243 seconds.
Native extension for WindowsStandalone target not found
Refreshing native plugins compatible for Editor in 66.21 ms, found 0 plugins.
Preloading 0 native plugins for Editor in 0.00 ms.
Invoked RoslynAnalysisRunner static constructor.
RoslynAnalysisRunner will not be running.
RoslynAnalysisRunner has terminated.
Mono: successfully reloaded assembly
- Completed reload, in  4.202 seconds
Platform modules already initialized, skipping
Registering precompiled user dll's ...
Registered in 0.005717 seconds.
Begin MonoManager ReloadAssembly
Native extension for WindowsStandalone target not found
Refreshing native plugins compatible for Editor in 67.75 ms, found 0 plugins.
Preloading 0 native plugins for Editor in 0.00 ms.
Invoked RoslynAnalysisRunner static constructor.
RoslynAnalysisRunner will not be running.
RoslynAnalysisRunner has terminated.
Mono: successfully reloaded assembly
- Completed reload, in  1.439 seconds
Platform modules already initialized, skipping
========================================================================
Worker process is ready to serve import requests
Shader 'Universal Render Pipeline/Particles/Lit': fallback shader 'Universal Render Pipeline/Particles/SimpleLit' not found
Launched and connected shader compiler UnityShaderCompiler.exe after 0.06 seconds
Refreshing native plugins compatible for Editor in 0.72 ms, found 0 plugins.
Preloading 0 native plugins for Editor in 0.00 ms.
Unloading 2447 Unused Serialized files (Serialized files now loaded: 0)
System memory in use before: 123.2 MB.
System memory in use after: 123.4 MB.

Unloading 10 unused Assets to reduce memory usage. Loaded Objects now: 2894.
Total: 7.148900 ms (FindLiveObjects: 0.465400 ms CreateObjectMapping: 0.197600 ms MarkObjects: 6.363000 ms  DeleteObjects: 0.121200 ms)

========================================================================
Received Import Request.
  path: Assets/Scenes/Movement.unity
  artifactKey: Guid(48abfe88e11190a438e115be48d0bbe7) Importer(815301076,1909f56bfc062723c751e8b465ee728b)
Start importing Assets/Scenes/Movement.unity using Guid(48abfe88e11190a438e115be48d0bbe7) Importer(815301076,1909f56bfc062723c751e8b465ee728b)  -> (artifact id: 'f31aaa983ca7804390749beb9c0337a7') in 0.022979 seconds
  Import took 0.028550 seconds .

========================================================================
Received Prepare
Registering precompiled user dll's ...
Registered in 0.004001 seconds.
Begin MonoManager ReloadAssembly
Native extension for WindowsStandalone target not found
Refreshing native plugins compatible for Editor in 0.62 ms, found 0 plugins.
Preloading 0 native plugins for Editor in 0.00 ms.
Invoked RoslynAnalysisRunner static constructor.
RoslynAnalysisRunner will not be running.
RoslynAnalysisRunner has terminated.
Mono: successfully reloaded assembly
- Completed reload, in  1.294 seconds
Platform modules already initialized, skipping
Shader 'Universal Render Pipeline/Particles/Lit': fallback shader 'Universal Render Pipeline/Particles/SimpleLit' not found
Refreshing native plugins compatible for Editor in 0.87 ms, found 0 plugins.
Preloading 0 native plugins for Editor in 0.00 ms.
Unloading 2323 Unused Serialized files (Serialized files now loaded: 0)
System memory in use before: 116.2 MB.
System memory in use after: 116.4 MB.

Unloading 5 unused Assets to reduce memory usage. Loaded Objects now: 2897.
Total: 6.435200 ms (FindLiveObjects: 0.470800 ms CreateObjectMapping: 0.217600 ms MarkObjects: 5.718000 ms  DeleteObjects: 0.027200 ms)

========================================================================
Received Import Request.
  Time since last request: 177.226517 seconds.
  path: Assets/Script/System/Blackboard.cs
  artifactKey: Guid(8e81202001930d547b7d10df78c365b0) Importer(815301076,1909f56bfc062723c751e8b465ee728b)
Start importing Assets/Script/System/Blackboard.cs using Guid(8e81202001930d547b7d10df78c365b0) Importer(815301076,1909f56bfc062723c751e8b465ee728b)  -> (artifact id: 'cabb680ed5c47273a1a093a082c27fab') in 0.054196 seconds
  Import took 0.058202 seconds .

========================================================================
Received Import Request.
  Time since last request: 59.638794 seconds.
  path: Assets/Script/Camera/TrackingWindow.cs
  artifactKey: Guid(5db4b29e3405bd24092b089cf015ab05) Importer(815301076,1909f56bfc062723c751e8b465ee728b)
Start importing Assets/Script/Camera/TrackingWindow.cs using Guid(5db4b29e3405bd24092b089cf015ab05) Importer(815301076,1909f56bfc062723c751e8b465ee728b)  -> (artifact id: '20e65d39868db2da373815ce257ace6c') in 0.008846 seconds
  Import took 0.014527 seconds .

========================================================================
Received Prepare
Registering precompiled user dll's ...
Registered in 0.004203 seconds.
Begin MonoManager ReloadAssembly
Native extension for WindowsStandalone target not found
Refreshing native plugins compatible for Editor in 0.61 ms, found 0 plugins.
Preloading 0 native plugins for Editor in 0.00 ms.
Invoked RoslynAnalysisRunner static constructor.
RoslynAnalysisRunner will not be running.
RoslynAnalysisRunner has terminated.
Mono: successfully reloaded assembly
- Completed reload, in  1.284 seconds
Platform modules already initialized, skipping
Shader 'Universal Render Pipeline/Particles/Lit': fallback shader 'Universal Render Pipeline/Particles/SimpleLit' not found
Refreshing native plugins compatible for Editor in 0.59 ms, found 0 plugins.
Preloading 0 native plugins for Editor in 0.00 ms.
Unloading 2323 Unused Serialized files (Serialized files now loaded: 0)
System memory in use before: 116.3 MB.
System memory in use after: 116.5 MB.

Unloading 5 unused Assets to reduce memory usage. Loaded Objects now: 2900.
Total: 2.349700 ms (FindLiveObjects: 0.268900 ms CreateObjectMapping: 0.107400 ms MarkObjects: 1.935100 ms  DeleteObjects: 0.036000 ms)

========================================================================
Received Prepare
Registering precompiled user dll's ...
Registered in 0.003249 seconds.
Begin MonoManager ReloadAssembly
Native extension for WindowsStandalone target not found
Refreshing native plugins compatible for Editor in 0.49 ms, found 0 plugins.
Preloading 0 native plugins for Editor in 0.00 ms.
Invoked RoslynAnalysisRunner static constructor.
RoslynAnalysisRunner will not be running.
RoslynAnalysisRunner has terminated.
Mono: successfully reloaded assembly
- Completed reload, in  1.223 seconds
Platform modules already initialized, skipping
Shader 'Universal Render Pipeline/Particles/Lit': fallback shader 'Universal Render Pipeline/Particles/SimpleLit' not found
Refreshing native plugins compatible for Editor in 0.85 ms, found 0 plugins.
Preloading 0 native plugins for Editor in 0.00 ms.
Unloading 2323 Unused Serialized files (Serialized files now loaded: 0)
System memory in use before: 116.3 MB.
System memory in use after: 116.5 MB.

Unloading 5 unused Assets to reduce memory usage. Loaded Objects now: 2903.
Total: 2.230900 ms (FindLiveObjects: 0.274900 ms CreateObjectMapping: 0.091900 ms MarkObjects: 1.804200 ms  DeleteObjects: 0.058600 ms)

========================================================================
Received Prepare
Registering precompiled user dll's ...
Registered in 0.003089 seconds.
Begin MonoManager ReloadAssembly
Native extension for WindowsStandalone target not found
Refreshing native plugins compatible for Editor in 0.90 ms, found 0 plugins.
Preloading 0 native plugins for Editor in 0.00 ms.
Invoked RoslynAnalysisRunner static constructor.
RoslynAnalysisRunner will not be running.
RoslynAnalysisRunner has terminated.
Mono: successfully reloaded assembly
- Completed reload, in  1.202 seconds
Platform modules already initialized, skipping
Shader 'Universal Render Pipeline/Particles/Lit': fallback shader 'Universal Render Pipeline/Particles/SimpleLit' not found
Refreshing native plugins compatible for Editor in 0.53 ms, found 0 plugins.
Preloading 0 native plugins for Editor in 0.00 ms.
Unloading 2323 Unused Serialized files (Serialized files now loaded: 0)
System memory in use before: 116.3 MB.
System memory in use after: 116.5 MB.

Unloading 5 unused Assets to reduce memory usage. Loaded Objects now: 2906.
Total: 6.114500 ms (FindLiveObjects: 3.864400 ms CreateObjectMapping: 0.316200 ms MarkObjects: 1.903800 ms  DeleteObjects: 0.028600 ms)

========================================================================
Received Prepare
Registering precompiled user dll's ...
Registered in 0.006630 seconds.
Begin MonoManager ReloadAssembly
Native extension for WindowsStandalone target not found
Refreshing native plugins compatible for Editor in 0.52 ms, found 0 plugins.
Preloading 0 native plugins for Editor in 0.00 ms.
Invoked RoslynAnalysisRunner static constructor.
RoslynAnalysisRunner will not be running.
RoslynAnalysisRunner has terminated.
Mono: successfully reloaded assembly
- Completed reload, in  1.159 seconds
Platform modules already initialized, skipping
Shader 'Universal Render Pipeline/Particles/Lit': fallback shader 'Universal Render Pipeline/Particles/SimpleLit' not found
Refreshing native plugins compatible for Editor in 0.69 ms, found 0 plugins.
Preloading 0 native plugins for Editor in 0.00 ms.
Unloading 2323 Unused Serialized files (Serialized files now loaded: 0)
System memory in use before: 116.2 MB.
System memory in use after: 116.4 MB.

Unloading 5 unused Assets to reduce memory usage. Loaded Objects now: 2909.
Total: 3.353400 ms (FindLiveObjects: 0.378400 ms CreateObjectMapping: 0.155700 ms MarkObjects: 2.791300 ms  DeleteObjects: 0.026000 ms)

========================================================================
Received Import Request.
  Time since last request: 217.244825 seconds.
  path: ProjectSettings/TagManager.asset
  artifactKey: Guid(00000000000000003000000000000000) Importer(815301076,1909f56bfc062723c751e8b465ee728b)
Start importing ProjectSettings/TagManager.asset using Guid(00000000000000003000000000000000) Importer(815301076,1909f56bfc062723c751e8b465ee728b)  -> (artifact id: '85e1cf3546c19657eadc7d80b1e47ff8') in 0.033919 seconds
  Import took 0.043523 seconds .

========================================================================
Received Prepare
Registering precompiled user dll's ...
Registered in 0.003744 seconds.
Begin MonoManager ReloadAssembly
Native extension for WindowsStandalone target not found
Refreshing native plugins compatible for Editor in 0.49 ms, found 0 plugins.
Preloading 0 native plugins for Editor in 0.00 ms.
Invoked RoslynAnalysisRunner static constructor.
RoslynAnalysisRunner will not be running.
RoslynAnalysisRunner has terminated.
Mono: successfully reloaded assembly
- Completed reload, in  1.186 seconds
Platform modules already initialized, skipping
Shader 'Universal Render Pipeline/Particles/Lit': fallback shader 'Universal Render Pipeline/Particles/SimpleLit' not found
Refreshing native plugins compatible for Editor in 0.52 ms, found 0 plugins.
Preloading 0 native plugins for Editor in 0.00 ms.
Unloading 2323 Unused Serialized files (Serialized files now loaded: 0)
System memory in use before: 116.3 MB.
System memory in use after: 116.5 MB.

Unloading 6 unused Assets to reduce memory usage. Loaded Objects now: 2912.
Total: 5.696800 ms (FindLiveObjects: 0.437000 ms CreateObjectMapping: 0.177700 ms MarkObjects: 5.049400 ms  DeleteObjects: 0.030600 ms)

========================================================================
Received Prepare
Registering precompiled user dll's ...
Registered in 0.003144 seconds.
Begin MonoManager ReloadAssembly
Native extension for WindowsStandalone target not found
Refreshing native plugins compatible for Editor in 0.62 ms, found 0 plugins.
Preloading 0 native plugins for Editor in 0.00 ms.
Invoked RoslynAnalysisRunner static constructor.
RoslynAnalysisRunner will not be running.
RoslynAnalysisRunner has terminated.
Mono: successfully reloaded assembly
- Completed reload, in  1.267 seconds
Platform modules already initialized, skipping
Shader 'Universal Render Pipeline/Particles/Lit': fallback shader 'Universal Render Pipeline/Particles/SimpleLit' not found
Refreshing native plugins compatible for Editor in 0.50 ms, found 0 plugins.
Preloading 0 native plugins for Editor in 0.00 ms.
Unloading 2323 Unused Serialized files (Serialized files now loaded: 0)
System memory in use before: 116.3 MB.
System memory in use after: 116.5 MB.

Unloading 5 unused Assets to reduce memory usage. Loaded Objects now: 2915.
Total: 4.150700 ms (FindLiveObjects: 0.828400 ms CreateObjectMapping: 0.270800 ms MarkObjects: 3.007300 ms  DeleteObjects: 0.040300 ms)

========================================================================
Received Prepare
Registering precompiled user dll's ...
Registered in 0.002958 seconds.
Begin MonoManager ReloadAssembly
Native extension for WindowsStandalone target not found
Refreshing native plugins compatible for Editor in 0.60 ms, found 0 plugins.
Preloading 0 native plugins for Editor in 0.00 ms.
Invoked RoslynAnalysisRunner static constructor.
RoslynAnalysisRunner will not be running.
RoslynAnalysisRunner has terminated.
Mono: successfully reloaded assembly
- Completed reload, in  1.120 seconds
Platform modules already initialized, skipping
Shader 'Universal Render Pipeline/Particles/Lit': fallback shader 'Universal Render Pipeline/Particles/SimpleLit' not found
Refreshing native plugins compatible for Editor in 0.53 ms, found 0 plugins.
Preloading 0 native plugins for Editor in 0.00 ms.
Unloading 2323 Unused Serialized files (Serialized files now loaded: 0)
System memory in use before: 116.3 MB.
System memory in use after: 116.6 MB.

Unloading 5 unused Assets to reduce memory usage. Loaded Objects now: 2918.
Total: 1.992800 ms (FindLiveObjects: 0.239500 ms CreateObjectMapping: 0.098700 ms MarkObjects: 1.639300 ms  DeleteObjects: 0.014200 ms)

========================================================================
Received Prepare
Registering precompiled user dll's ...
Registered in 0.003148 seconds.
Begin MonoManager ReloadAssembly
Native extension for WindowsStandalone target not found
Refreshing native plugins compatible for Editor in 0.53 ms, found 0 plugins.
Preloading 0 native plugins for Editor in 0.00 ms.
Invoked RoslynAnalysisRunner static constructor.
RoslynAnalysisRunner will not be running.
RoslynAnalysisRunner has terminated.
Mono: successfully reloaded assembly
- Completed reload, in  1.334 seconds
Platform modules already initialized, skipping
Shader 'Universal Render Pipeline/Particles/Lit': fallback shader 'Universal Render Pipeline/Particles/SimpleLit' not found
Refreshing native plugins compatible for Editor in 0.81 ms, found 0 plugins.
Preloading 0 native plugins for Editor in 0.00 ms.
Unloading 2323 Unused Serialized files (Serialized files now loaded: 0)
System memory in use before: 116.3 MB.
System memory in use after: 116.6 MB.

Unloading 5 unused Assets to reduce memory usage. Loaded Objects now: 2921.
Total: 2.667300 ms (FindLiveObjects: 0.529900 ms CreateObjectMapping: 0.178000 ms MarkObjects: 1.838600 ms  DeleteObjects: 0.103200 ms)

========================================================================
Received Prepare
Registering precompiled user dll's ...
Registered in 0.002855 seconds.
Begin MonoManager ReloadAssembly
Native extension for WindowsStandalone target not found
Refreshing native plugins compatible for Editor in 0.52 ms, found 0 plugins.
Preloading 0 native plugins for Editor in 0.00 ms.
Invoked RoslynAnalysisRunner static constructor.
RoslynAnalysisRunner will not be running.
RoslynAnalysisRunner has terminated.
Mono: successfully reloaded assembly
- Completed reload, in  1.261 seconds
Platform modules already initialized, skipping
Shader 'Universal Render Pipeline/Particles/Lit': fallback shader 'Universal Render Pipeline/Particles/SimpleLit' not found
Refreshing native plugins compatible for Editor in 0.53 ms, found 0 plugins.
Preloading 0 native plugins for Editor in 0.00 ms.
Unloading 2323 Unused Serialized files (Serialized files now loaded: 0)
System memory in use before: 116.3 MB.
System memory in use after: 116.5 MB.

Unloading 5 unused Assets to reduce memory usage. Loaded Objects now: 2924.
Total: 5.919800 ms (FindLiveObjects: 0.657800 ms CreateObjectMapping: 0.397600 ms MarkObjects: 4.834600 ms  DeleteObjects: 0.027700 ms)

========================================================================
Received Prepare
Registering precompiled user dll's ...
Registered in 0.003710 seconds.
Begin MonoManager ReloadAssembly
Native extension for WindowsStandalone target not found
Refreshing native plugins compatible for Editor in 0.63 ms, found 0 plugins.
Preloading 0 native plugins for Editor in 0.00 ms.
Invoked RoslynAnalysisRunner static constructor.
RoslynAnalysisRunner will not be running.
RoslynAnalysisRunner has terminated.
Mono: successfully reloaded assembly
- Completed reload, in  1.217 seconds
Platform modules already initialized, skipping
Shader 'Universal Render Pipeline/Particles/Lit': fallback shader 'Universal Render Pipeline/Particles/SimpleLit' not found
Refreshing native plugins compatible for Editor in 0.59 ms, found 0 plugins.
Preloading 0 native plugins for Editor in 0.00 ms.
Unloading 2323 Unused Serialized files (Serialized files now loaded: 0)
System memory in use before: 116.4 MB.
System memory in use after: 116.6 MB.

Unloading 5 unused Assets to reduce memory usage. Loaded Objects now: 2927.
Total: 2.599000 ms (FindLiveObjects: 0.485800 ms CreateObjectMapping: 0.300600 ms MarkObjects: 1.771500 ms  DeleteObjects: 0.039700 ms)

========================================================================
Received Prepare
Registering precompiled user dll's ...
Registered in 0.004078 seconds.
Begin MonoManager ReloadAssembly
Native extension for WindowsStandalone target not found
Refreshing native plugins compatible for Editor in 0.56 ms, found 0 plugins.
Preloading 0 native plugins for Editor in 0.00 ms.
Invoked RoslynAnalysisRunner static constructor.
RoslynAnalysisRunner will not be running.
RoslynAnalysisRunner has terminated.
Mono: successfully reloaded assembly
- Completed reload, in  1.137 seconds
Platform modules already initialized, skipping
Shader 'Universal Render Pipeline/Particles/Lit': fallback shader 'Universal Render Pipeline/Particles/SimpleLit' not found
Refreshing native plugins compatible for Editor in 0.51 ms, found 0 plugins.
Preloading 0 native plugins for Editor in 0.00 ms.
Unloading 2323 Unused Serialized files (Serialized files now loaded: 0)
System memory in use before: 116.4 MB.
System memory in use after: 116.6 MB.

Unloading 5 unused Assets to reduce memory usage. Loaded Objects now: 2930.
Total: 3.435100 ms (FindLiveObjects: 0.406000 ms CreateObjectMapping: 0.237900 ms MarkObjects: 2.773600 ms  DeleteObjects: 0.016000 ms)

========================================================================
Received Prepare
Registering precompiled user dll's ...
Registered in 0.003493 seconds.
Begin MonoManager ReloadAssembly
Native extension for WindowsStandalone target not found
Refreshing native plugins compatible for Editor in 0.78 ms, found 0 plugins.
Preloading 0 native plugins for Editor in 0.00 ms.
Invoked RoslynAnalysisRunner static constructor.
RoslynAnalysisRunner will not be running.
RoslynAnalysisRunner has terminated.
Mono: successfully reloaded assembly
- Completed reload, in  1.279 seconds
Platform modules already initialized, skipping
Shader 'Universal Render Pipeline/Particles/Lit': fallback shader 'Universal Render Pipeline/Particles/SimpleLit' not found
Refreshing native plugins compatible for Editor in 1.15 ms, found 0 plugins.
Preloading 0 native plugins for Editor in 0.00 ms.
Unloading 2323 Unused Serialized files (Serialized files now loaded: 0)
System memory in use before: 116.4 MB.
System memory in use after: 116.6 MB.

Unloading 5 unused Assets to reduce memory usage. Loaded Objects now: 2933.
Total: 7.323600 ms (FindLiveObjects: 0.568800 ms CreateObjectMapping: 0.201500 ms MarkObjects: 6.527700 ms  DeleteObjects: 0.024200 ms)

========================================================================
Received Prepare
Registering precompiled user dll's ...
Registered in 0.008648 seconds.
Begin MonoManager ReloadAssembly
Native extension for WindowsStandalone target not found
Refreshing native plugins compatible for Editor in 0.58 ms, found 0 plugins.
Preloading 0 native plugins for Editor in 0.00 ms.
Invoked RoslynAnalysisRunner static constructor.
RoslynAnalysisRunner will not be running.
RoslynAnalysisRunner has terminated.
Mono: successfully reloaded assembly
- Completed reload, in  1.216 seconds
Platform modules already initialized, skipping
Shader 'Universal Render Pipeline/Particles/Lit': fallback shader 'Universal Render Pipeline/Particles/SimpleLit' not found
Refreshing native plugins compatible for Editor in 0.55 ms, found 0 plugins.
Preloading 0 native plugins for Editor in 0.00 ms.
Unloading 2323 Unused Serialized files (Serialized files now loaded: 0)
System memory in use before: 116.4 MB.
System memory in use after: 116.6 MB.

Unloading 5 unused Assets to reduce memory usage. Loaded Objects now: 2936.
Total: 2.171000 ms (FindLiveObjects: 0.413100 ms CreateObjectMapping: 0.152900 ms MarkObjects: 1.576500 ms  DeleteObjects: 0.027300 ms)

========================================================================
Received Prepare
Registering precompiled user dll's ...
Registered in 0.004114 seconds.
Begin MonoManager ReloadAssembly
Native extension for WindowsStandalone target not found
Refreshing native plugins compatible for Editor in 0.60 ms, found 0 plugins.
Preloading 0 native plugins for Editor in 0.00 ms.
Invoked RoslynAnalysisRunner static constructor.
RoslynAnalysisRunner will not be running.
RoslynAnalysisRunner has terminated.
Mono: successfully reloaded assembly
- Completed reload, in  1.265 seconds
Platform modules already initialized, skipping
Shader 'Universal Render Pipeline/Particles/Lit': fallback shader 'Universal Render Pipeline/Particles/SimpleLit' not found
Refreshing native plugins compatible for Editor in 0.61 ms, found 0 plugins.
Preloading 0 native plugins for Editor in 0.00 ms.
Unloading 2323 Unused Serialized files (Serialized files now loaded: 0)
System memory in use before: 116.3 MB.
System memory in use after: 116.5 MB.

Unloading 5 unused Assets to reduce memory usage. Loaded Objects now: 2939.
Total: 3.122500 ms (FindLiveObjects: 0.537600 ms CreateObjectMapping: 0.182900 ms MarkObjects: 2.365800 ms  DeleteObjects: 0.033100 ms)

========================================================================
Received Prepare
Registering precompiled user dll's ...
Registered in 0.003725 seconds.
Begin MonoManager ReloadAssembly
Native extension for WindowsStandalone target not found
Refreshing native plugins compatible for Editor in 0.60 ms, found 0 plugins.
Preloading 0 native plugins for Editor in 0.00 ms.
Invoked RoslynAnalysisRunner static constructor.
RoslynAnalysisRunner will not be running.
RoslynAnalysisRunner has terminated.
Mono: successfully reloaded assembly
- Completed reload, in  1.161 seconds
Platform modules already initialized, skipping
Shader 'Universal Render Pipeline/Particles/Lit': fallback shader 'Universal Render Pipeline/Particles/SimpleLit' not found
Refreshing native plugins compatible for Editor in 0.59 ms, found 0 plugins.
Preloading 0 native plugins for Editor in 0.00 ms.
Unloading 2323 Unused Serialized files (Serialized files now loaded: 0)
System memory in use before: 116.4 MB.
System memory in use after: 116.6 MB.

Unloading 5 unused Assets to reduce memory usage. Loaded Objects now: 2942.
Total: 3.244600 ms (FindLiveObjects: 0.284300 ms CreateObjectMapping: 0.135300 ms MarkObjects: 2.798800 ms  DeleteObjects: 0.024800 ms)

========================================================================
Received Prepare
Registering precompiled user dll's ...
Registered in 0.003172 seconds.
Begin MonoManager ReloadAssembly
Native extension for WindowsStandalone target not found
Refreshing native plugins compatible for Editor in 0.61 ms, found 0 plugins.
Preloading 0 native plugins for Editor in 0.00 ms.
Invoked RoslynAnalysisRunner static constructor.
RoslynAnalysisRunner will not be running.
RoslynAnalysisRunner has terminated.
Mono: successfully reloaded assembly
- Completed reload, in  1.254 seconds
Platform modules already initialized, skipping
Shader 'Universal Render Pipeline/Particles/Lit': fallback shader 'Universal Render Pipeline/Particles/SimpleLit' not found
Refreshing native plugins compatible for Editor in 0.51 ms, found 0 plugins.
Preloading 0 native plugins for Editor in 0.00 ms.
Unloading 2323 Unused Serialized files (Serialized files now loaded: 0)
System memory in use before: 116.4 MB.
System memory in use after: 116.6 MB.

Unloading 5 unused Assets to reduce memory usage. Loaded Objects now: 2945.
Total: 5.254000 ms (FindLiveObjects: 2.859700 ms CreateObjectMapping: 0.248800 ms MarkObjects: 2.106600 ms  DeleteObjects: 0.034500 ms)

========================================================================
Received Prepare
Registering precompiled user dll's ...
Registered in 0.003146 seconds.
Begin MonoManager ReloadAssembly
Native extension for WindowsStandalone target not found
Refreshing native plugins compatible for Editor in 0.63 ms, found 0 plugins.
Preloading 0 native plugins for Editor in 0.00 ms.
Invoked RoslynAnalysisRunner static constructor.
RoslynAnalysisRunner will not be running.
RoslynAnalysisRunner has terminated.
Mono: successfully reloaded assembly
- Completed reload, in  1.221 seconds
Platform modules already initialized, skipping
Shader 'Universal Render Pipeline/Particles/Lit': fallback shader 'Universal Render Pipeline/Particles/SimpleLit' not found
Refreshing native plugins compatible for Editor in 0.59 ms, found 0 plugins.
Preloading 0 native plugins for Editor in 0.00 ms.
Unloading 2323 Unused Serialized files (Serialized files now loaded: 0)
System memory in use before: 116.4 MB.
System memory in use after: 116.6 MB.

Unloading 5 unused Assets to reduce memory usage. Loaded Objects now: 2948.
Total: 4.743500 ms (FindLiveObjects: 0.269100 ms CreateObjectMapping: 0.176400 ms MarkObjects: 4.274000 ms  DeleteObjects: 0.022500 ms)

========================================================================
Received Prepare
Registering precompiled user dll's ...
Registered in 0.003519 seconds.
Begin MonoManager ReloadAssembly
Native extension for WindowsStandalone target not found
Refreshing native plugins compatible for Editor in 0.59 ms, found 0 plugins.
Preloading 0 native plugins for Editor in 0.00 ms.
Invoked RoslynAnalysisRunner static constructor.
RoslynAnalysisRunner will not be running.
RoslynAnalysisRunner has terminated.
Mono: successfully reloaded assembly
- Completed reload, in  1.246 seconds
Platform modules already initialized, skipping
Shader 'Universal Render Pipeline/Particles/Lit': fallback shader 'Universal Render Pipeline/Particles/SimpleLit' not found
Refreshing native plugins compatible for Editor in 0.52 ms, found 0 plugins.
Preloading 0 native plugins for Editor in 0.00 ms.
Unloading 2323 Unused Serialized files (Serialized files now loaded: 0)
System memory in use before: 116.4 MB.
System memory in use after: 116.6 MB.

Unloading 5 unused Assets to reduce memory usage. Loaded Objects now: 2951.
Total: 7.933100 ms (FindLiveObjects: 0.456500 ms CreateObjectMapping: 0.217800 ms MarkObjects: 7.239100 ms  DeleteObjects: 0.018300 ms)

========================================================================
Received Prepare
Registering precompiled user dll's ...
Registered in 0.003346 seconds.
Begin MonoManager ReloadAssembly
Native extension for WindowsStandalone target not found
Refreshing native plugins compatible for Editor in 0.66 ms, found 0 plugins.
Preloading 0 native plugins for Editor in 0.00 ms.
Invoked RoslynAnalysisRunner static constructor.
RoslynAnalysisRunner will not be running.
RoslynAnalysisRunner has terminated.
Mono: successfully reloaded assembly
- Completed reload, in  1.421 seconds
Platform modules already initialized, skipping
Shader 'Universal Render Pipeline/Particles/Lit': fallback shader 'Universal Render Pipeline/Particles/SimpleLit' not found
Refreshing native plugins compatible for Editor in 0.74 ms, found 0 plugins.
Preloading 0 native plugins for Editor in 0.00 ms.
Unloading 2323 Unused Serialized files (Serialized files now loaded: 0)
System memory in use before: 116.3 MB.
System memory in use after: 116.5 MB.

Unloading 5 unused Assets to reduce memory usage. Loaded Objects now: 2954.
Total: 12.355700 ms (FindLiveObjects: 0.460600 ms CreateObjectMapping: 0.354700 ms MarkObjects: 11.505000 ms  DeleteObjects: 0.030800 ms)

========================================================================
Received Import Request.
  Time since last request: 2011.297612 seconds.
  path: Assets/Model/Animations/Drone_Controller.controller
  artifactKey: Guid(75b1cca7741d1794da339e7e08062e3a) Importer(815301076,1909f56bfc062723c751e8b465ee728b)
Start importing Assets/Model/Animations/Drone_Controller.controller using Guid(75b1cca7741d1794da339e7e08062e3a) Importer(815301076,1909f56bfc062723c751e8b465ee728b)  -> (artifact id: '9cbce3db4aef830c141d22f800901ed5') in 0.051530 seconds
  Import took 0.065740 seconds .

========================================================================
Received Prepare
Registering precompiled user dll's ...
Registered in 0.003550 seconds.
Begin MonoManager ReloadAssembly
Native extension for WindowsStandalone target not found
Refreshing native plugins compatible for Editor in 0.53 ms, found 0 plugins.
Preloading 0 native plugins for Editor in 0.00 ms.
Invoked RoslynAnalysisRunner static constructor.
RoslynAnalysisRunner will not be running.
RoslynAnalysisRunner has terminated.
Mono: successfully reloaded assembly
- Completed reload, in  1.140 seconds
Platform modules already initialized, skipping
Shader 'Universal Render Pipeline/Particles/Lit': fallback shader 'Universal Render Pipeline/Particles/SimpleLit' not found
Refreshing native plugins compatible for Editor in 0.68 ms, found 0 plugins.
Preloading 0 native plugins for Editor in 0.00 ms.
Unloading 2323 Unused Serialized files (Serialized files now loaded: 0)
System memory in use before: 116.4 MB.
System memory in use after: 116.7 MB.

Unloading 5 unused Assets to reduce memory usage. Loaded Objects now: 2957.
Total: 3.476300 ms (FindLiveObjects: 0.431000 ms CreateObjectMapping: 0.197800 ms MarkObjects: 2.816300 ms  DeleteObjects: 0.028900 ms)

========================================================================
Received Prepare
Registering precompiled user dll's ...
Registered in 0.002926 seconds.
Begin MonoManager ReloadAssembly
Native extension for WindowsStandalone target not found
Refreshing native plugins compatible for Editor in 0.50 ms, found 0 plugins.
Preloading 0 native plugins for Editor in 0.00 ms.
Invoked RoslynAnalysisRunner static constructor.
RoslynAnalysisRunner will not be running.
RoslynAnalysisRunner has terminated.
Mono: successfully reloaded assembly
- Completed reload, in  1.162 seconds
Platform modules already initialized, skipping
Shader 'Universal Render Pipeline/Particles/Lit': fallback shader 'Universal Render Pipeline/Particles/SimpleLit' not found
Refreshing native plugins compatible for Editor in 0.54 ms, found 0 plugins.
Preloading 0 native plugins for Editor in 0.00 ms.
Unloading 2323 Unused Serialized files (Serialized files now loaded: 0)
System memory in use before: 116.4 MB.
System memory in use after: 116.7 MB.

Unloading 5 unused Assets to reduce memory usage. Loaded Objects now: 2960.
Total: 2.505400 ms (FindLiveObjects: 0.507900 ms CreateObjectMapping: 0.146800 ms MarkObjects: 1.783200 ms  DeleteObjects: 0.057600 ms)

========================================================================
Received Prepare
Registering precompiled user dll's ...
Registered in 0.003183 seconds.
Begin MonoManager ReloadAssembly
Native extension for WindowsStandalone target not found
Refreshing native plugins compatible for Editor in 0.52 ms, found 0 plugins.
Preloading 0 native plugins for Editor in 0.00 ms.
Invoked RoslynAnalysisRunner static constructor.
RoslynAnalysisRunner will not be running.
RoslynAnalysisRunner has terminated.
Mono: successfully reloaded assembly
- Completed reload, in  1.241 seconds
Platform modules already initialized, skipping
Shader 'Universal Render Pipeline/Particles/Lit': fallback shader 'Universal Render Pipeline/Particles/SimpleLit' not found
Refreshing native plugins compatible for Editor in 0.75 ms, found 0 plugins.
Preloading 0 native plugins for Editor in 0.00 ms.
Unloading 2323 Unused Serialized files (Serialized files now loaded: 0)
System memory in use before: 116.5 MB.
System memory in use after: 116.7 MB.

Unloading 5 unused Assets to reduce memory usage. Loaded Objects now: 2963.
Total: 2.260800 ms (FindLiveObjects: 0.288300 ms CreateObjectMapping: 0.101300 ms MarkObjects: 1.809100 ms  DeleteObjects: 0.059000 ms)

========================================================================
Received Import Request.
  Time since last request: 1339.906735 seconds.
  path: ProjectSettings/TagManager.asset
  artifactKey: Guid(00000000000000003000000000000000) Importer(815301076,1909f56bfc062723c751e8b465ee728b)
Start importing ProjectSettings/TagManager.asset using Guid(00000000000000003000000000000000) Importer(815301076,1909f56bfc062723c751e8b465ee728b)  -> (artifact id: '2a80e1b5aa5cd17b6745a1e69313266b') in 0.096642 seconds
  Import took 0.104603 seconds .

========================================================================
Received Import Request.
  Time since last request: 35.117038 seconds.
  path: Assets/Script/System/GameManager.cs
  artifactKey: Guid(0148eda99e4f41e4d8eda3281ad5e013) Importer(815301076,1909f56bfc062723c751e8b465ee728b)
Start importing Assets/Script/System/GameManager.cs using Guid(0148eda99e4f41e4d8eda3281ad5e013) Importer(815301076,1909f56bfc062723c751e8b465ee728b)  -> (artifact id: 'b7a0ec37e1a2db5c7daf3a6f695f4af8') in 0.022559 seconds
  Import took 0.108582 seconds .

========================================================================
Received Prepare
Registering precompiled user dll's ...
Registered in 0.003234 seconds.
Begin MonoManager ReloadAssembly
Native extension for WindowsStandalone target not found
Refreshing native plugins compatible for Editor in 0.55 ms, found 0 plugins.
Preloading 0 native plugins for Editor in 0.00 ms.
Invoked RoslynAnalysisRunner static constructor.
RoslynAnalysisRunner will not be running.
RoslynAnalysisRunner has terminated.
Mono: successfully reloaded assembly
- Completed reload, in  1.267 seconds
Platform modules already initialized, skipping
Shader 'Universal Render Pipeline/Particles/Lit': fallback shader 'Universal Render Pipeline/Particles/SimpleLit' not found
Refreshing native plugins compatible for Editor in 0.52 ms, found 0 plugins.
Preloading 0 native plugins for Editor in 0.00 ms.
Unloading 2324 Unused Serialized files (Serialized files now loaded: 0)
System memory in use before: 116.5 MB.
System memory in use after: 116.7 MB.

Unloading 6 unused Assets to reduce memory usage. Loaded Objects now: 2967.
Total: 2.921800 ms (FindLiveObjects: 0.604100 ms CreateObjectMapping: 0.123500 ms MarkObjects: 2.158100 ms  DeleteObjects: 0.035100 ms)

========================================================================
Received Prepare
Registering precompiled user dll's ...
Registered in 0.003327 seconds.
Begin MonoManager ReloadAssembly
Native extension for WindowsStandalone target not found
Refreshing native plugins compatible for Editor in 0.49 ms, found 0 plugins.
Preloading 0 native plugins for Editor in 0.00 ms.
Invoked RoslynAnalysisRunner static constructor.
RoslynAnalysisRunner will not be running.
RoslynAnalysisRunner has terminated.
Mono: successfully reloaded assembly
- Completed reload, in  1.023 seconds
Platform modules already initialized, skipping
Shader 'Universal Render Pipeline/Particles/Lit': fallback shader 'Universal Render Pipeline/Particles/SimpleLit' not found
Refreshing native plugins compatible for Editor in 0.82 ms, found 0 plugins.
Preloading 0 native plugins for Editor in 0.00 ms.
Unloading 2324 Unused Serialized files (Serialized files now loaded: 0)
System memory in use before: 116.4 MB.
System memory in use after: 116.6 MB.

Unloading 5 unused Assets to reduce memory usage. Loaded Objects now: 2970.
Total: 2.799500 ms (FindLiveObjects: 0.431500 ms CreateObjectMapping: 0.258500 ms MarkObjects: 2.080400 ms  DeleteObjects: 0.027700 ms)

========================================================================
Received Prepare
Registering precompiled user dll's ...
Registered in 0.003222 seconds.
Begin MonoManager ReloadAssembly
Native extension for WindowsStandalone target not found
Refreshing native plugins compatible for Editor in 0.53 ms, found 0 plugins.
Preloading 0 native plugins for Editor in 0.00 ms.
Invoked RoslynAnalysisRunner static constructor.
RoslynAnalysisRunner will not be running.
RoslynAnalysisRunner has terminated.
Mono: successfully reloaded assembly
- Completed reload, in  1.322 seconds
Platform modules already initialized, skipping
Shader 'Universal Render Pipeline/Particles/Lit': fallback shader 'Universal Render Pipeline/Particles/SimpleLit' not found
Refreshing native plugins compatible for Editor in 0.88 ms, found 0 plugins.
Preloading 0 native plugins for Editor in 0.00 ms.
Unloading 2324 Unused Serialized files (Serialized files now loaded: 0)
System memory in use before: 116.5 MB.
System memory in use after: 116.7 MB.

Unloading 5 unused Assets to reduce memory usage. Loaded Objects now: 2973.
Total: 2.922400 ms (FindLiveObjects: 0.311100 ms CreateObjectMapping: 0.119100 ms MarkObjects: 2.468000 ms  DeleteObjects: 0.020800 ms)

========================================================================
Received Prepare
Registering precompiled user dll's ...
Registered in 0.002868 seconds.
Begin MonoManager ReloadAssembly
Native extension for WindowsStandalone target not found
Refreshing native plugins compatible for Editor in 0.48 ms, found 0 plugins.
Preloading 0 native plugins for Editor in 0.00 ms.
Invoked RoslynAnalysisRunner static constructor.
RoslynAnalysisRunner will not be running.
RoslynAnalysisRunner has terminated.
Mono: successfully reloaded assembly
- Completed reload, in  1.097 seconds
Platform modules already initialized, skipping
Shader 'Universal Render Pipeline/Particles/Lit': fallback shader 'Universal Render Pipeline/Particles/SimpleLit' not found
Refreshing native plugins compatible for Editor in 0.54 ms, found 0 plugins.
Preloading 0 native plugins for Editor in 0.00 ms.
Unloading 2324 Unused Serialized files (Serialized files now loaded: 0)
System memory in use before: 116.5 MB.
System memory in use after: 116.7 MB.

Unloading 5 unused Assets to reduce memory usage. Loaded Objects now: 2976.
Total: 2.356300 ms (FindLiveObjects: 0.297300 ms CreateObjectMapping: 0.139000 ms MarkObjects: 1.902700 ms  DeleteObjects: 0.016100 ms)

========================================================================
Received Prepare
Registering precompiled user dll's ...
Registered in 0.006543 seconds.
Begin MonoManager ReloadAssembly
Native extension for WindowsStandalone target not found
Refreshing native plugins compatible for Editor in 1.15 ms, found 0 plugins.
Preloading 0 native plugins for Editor in 0.00 ms.
Invoked RoslynAnalysisRunner static constructor.
RoslynAnalysisRunner will not be running.
RoslynAnalysisRunner has terminated.
Mono: successfully reloaded assembly
- Completed reload, in  1.065 seconds
Platform modules already initialized, skipping
Shader 'Universal Render Pipeline/Particles/Lit': fallback shader 'Universal Render Pipeline/Particles/SimpleLit' not found
Refreshing native plugins compatible for Editor in 0.51 ms, found 0 plugins.
Preloading 0 native plugins for Editor in 0.00 ms.
Unloading 2324 Unused Serialized files (Serialized files now loaded: 0)
System memory in use before: 116.5 MB.
System memory in use after: 116.7 MB.

Unloading 5 unused Assets to reduce memory usage. Loaded Objects now: 2979.
Total: 2.519800 ms (FindLiveObjects: 0.330300 ms CreateObjectMapping: 0.223300 ms MarkObjects: 1.912700 ms  DeleteObjects: 0.052400 ms)

========================================================================
Received Import Request.
  Time since last request: 429.265751 seconds.
  path: Assets/Prefabs/Drone.prefab
  artifactKey: Guid(c88f8b79fbb6b9e40902b8b4e74cf8f6) Importer(815301076,1909f56bfc062723c751e8b465ee728b)
Start importing Assets/Prefabs/Drone.prefab using Guid(c88f8b79fbb6b9e40902b8b4e74cf8f6) Importer(815301076,1909f56bfc062723c751e8b465ee728b)  -> (artifact id: 'f9394eaa41dcbb885528d46ee4fec45e') in 0.233436 seconds
  Import took 0.239026 seconds .

========================================================================
Received Import Request.
  Time since last request: 1.673852 seconds.
  path: Assets/Prefabs
  artifactKey: Guid(85dad4eb97af49246b2299e4a4a1cf8f) Importer(815301076,1909f56bfc062723c751e8b465ee728b)
Start importing Assets/Prefabs using Guid(85dad4eb97af49246b2299e4a4a1cf8f) Importer(815301076,1909f56bfc062723c751e8b465ee728b)  -> (artifact id: '32a510499c5dadf2bbe4e0af77358bbc') in 0.006812 seconds
  Import took 0.014066 seconds .

========================================================================
Received Import Request.
  Time since last request: 1.018629 seconds.
  path: Assets/Prefabs/Pathing
  artifactKey: Guid(51640376e414b004bbbe7a6fb4ccd912) Importer(815301076,1909f56bfc062723c751e8b465ee728b)
Start importing Assets/Prefabs/Pathing using Guid(51640376e414b004bbbe7a6fb4ccd912) Importer(815301076,1909f56bfc062723c751e8b465ee728b)  -> (artifact id: '4dd5932699945376538d5ba2471c9e29') in 0.011448 seconds
  Import took 0.016342 seconds .

========================================================================
Received Import Request.
  Time since last request: 0.049705 seconds.
  path: Assets/Prefabs/Pathing/Invisible Ceiling.prefab
  artifactKey: Guid(2b5f7de8c0b1b6e4097e6e03460fcf7d) Importer(815301076,1909f56bfc062723c751e8b465ee728b)
Start importing Assets/Prefabs/Pathing/Invisible Ceiling.prefab using Guid(2b5f7de8c0b1b6e4097e6e03460fcf7d) Importer(815301076,1909f56bfc062723c751e8b465ee728b)  -> (artifact id: 'a2592519cda781d44ccac291c0134060') in 0.008378 seconds
  Import took 0.014306 seconds .

========================================================================
Received Import Request.
  Time since last request: 0.000525 seconds.
  path: Assets/Prefabs/Pathing/Pathing dot.prefab
  artifactKey: Guid(5b751876ffdfd7e48bd915bf45b1cf9a) Importer(815301076,1909f56bfc062723c751e8b465ee728b)
Start importing Assets/Prefabs/Pathing/Pathing dot.prefab using Guid(5b751876ffdfd7e48bd915bf45b1cf9a) Importer(815301076,1909f56bfc062723c751e8b465ee728b)  -> (artifact id: 'e83940f923bfcddf441cf09a9bdd1f9c') in 0.023952 seconds
  Import took 0.029444 seconds .

========================================================================
Received Import Request.
  Time since last request: 0.000529 seconds.
  path: Assets/Prefabs/Pathing/Selection Aura.prefab
  artifactKey: Guid(4ace7d1ac76ad3d41be0abe3aba3297a) Importer(815301076,1909f56bfc062723c751e8b465ee728b)
Start importing Assets/Prefabs/Pathing/Selection Aura.prefab using Guid(4ace7d1ac76ad3d41be0abe3aba3297a) Importer(815301076,1909f56bfc062723c751e8b465ee728b)  -> (artifact id: '6c07be0042ec5121d8e2d8c52e4c7f54') in 0.079025 seconds
  Import took 0.086057 seconds .

========================================================================
Received Import Request.
  Time since last request: 9.581057 seconds.
  path: Assets/Prefabs/Managers
  artifactKey: Guid(d4e5f59d527024e40bf33c823d352f8c) Importer(815301076,1909f56bfc062723c751e8b465ee728b)
Start importing Assets/Prefabs/Managers using Guid(d4e5f59d527024e40bf33c823d352f8c) Importer(815301076,1909f56bfc062723c751e8b465ee728b)  -> (artifact id: '9e3f6749ec00e594df7862ae4285144c') in 0.007991 seconds
  Import took 0.012668 seconds .

========================================================================
Received Import Request.
  Time since last request: 3.032748 seconds.
  path: Assets/Prefabs/Managers/Game Controller.prefab
  artifactKey: Guid(bc84c61625a1bcb409d445403a3d14e4) Importer(815301076,1909f56bfc062723c751e8b465ee728b)
Start importing Assets/Prefabs/Managers/Game Controller.prefab using Guid(bc84c61625a1bcb409d445403a3d14e4) Importer(815301076,1909f56bfc062723c751e8b465ee728b)  -> (artifact id: '61c6fe4a4ea2f1ff48b11f451001b1e9') in 0.010625 seconds
  Import took 0.015982 seconds .

========================================================================
Received Import Request.
  Time since last request: 0.013160 seconds.
  path: Assets/Prefabs/Managers/Game Controller.prefab
  artifactKey: Guid(bc84c61625a1bcb409d445403a3d14e4) Importer(815301076,1909f56bfc062723c751e8b465ee728b)
Start importing Assets/Prefabs/Managers/Game Controller.prefab using Guid(bc84c61625a1bcb409d445403a3d14e4) Importer(815301076,1909f56bfc062723c751e8b465ee728b)  -> (artifact id: '61c6fe4a4ea2f1ff48b11f451001b1e9') in 0.009647 seconds
  Import took 0.014371 seconds .

========================================================================
Received Import Request.
  Time since last request: 1.728963 seconds.
  path: Assets/Prefabs/Managers/CacheHolder.prefab
  artifactKey: Guid(260d85bdd1c45d748b5d81036ae802ff) Importer(815301076,1909f56bfc062723c751e8b465ee728b)
Start importing Assets/Prefabs/Managers/CacheHolder.prefab using Guid(260d85bdd1c45d748b5d81036ae802ff) Importer(815301076,1909f56bfc062723c751e8b465ee728b)  -> (artifact id: '6d3dcf171d3ad1b85e31e4f4663731e4') in 0.009459 seconds
  Import took 0.015123 seconds .

========================================================================
Received Import Request.
  Time since last request: 0.004105 seconds.
  path: Assets/Prefabs/Managers/CacheHolder.prefab
  artifactKey: Guid(260d85bdd1c45d748b5d81036ae802ff) Importer(815301076,1909f56bfc062723c751e8b465ee728b)
Start importing Assets/Prefabs/Managers/CacheHolder.prefab using Guid(260d85bdd1c45d748b5d81036ae802ff) Importer(815301076,1909f56bfc062723c751e8b465ee728b)  -> (artifact id: '6d3dcf171d3ad1b85e31e4f4663731e4') in 0.009657 seconds
  Import took 0.014729 seconds .

========================================================================
Received Import Request.
  Time since last request: 31.745872 seconds.
  path: Assets/Prefabs/Core/Selection.prefab
  artifactKey: Guid(6f846d6ed95b1df4cbe483a8a11d220b) Importer(815301076,1909f56bfc062723c751e8b465ee728b)
Start importing Assets/Prefabs/Core/Selection.prefab using Guid(6f846d6ed95b1df4cbe483a8a11d220b) Importer(815301076,1909f56bfc062723c751e8b465ee728b)  -> (artifact id: '131cf9a1debf16dc9afa89df35c6450f') in 0.040865 seconds
  Import took 0.046763 seconds .

========================================================================
Received Import Request.
  Time since last request: 0.001705 seconds.
  path: Assets/Prefabs/Core/Selection.prefab
  artifactKey: Guid(6f846d6ed95b1df4cbe483a8a11d220b) Importer(815301076,1909f56bfc062723c751e8b465ee728b)
Start importing Assets/Prefabs/Core/Selection.prefab using Guid(6f846d6ed95b1df4cbe483a8a11d220b) Importer(815301076,1909f56bfc062723c751e8b465ee728b)  -> (artifact id: '131cf9a1debf16dc9afa89df35c6450f') in 0.039462 seconds
  Import took 0.045488 seconds .

========================================================================
Received Import Request.
  Time since last request: 24.135766 seconds.
  path: Assets/Prefabs/Core
  artifactKey: Guid(d4e5f59d527024e40bf33c823d352f8c) Importer(815301076,1909f56bfc062723c751e8b465ee728b)
Start importing Assets/Prefabs/Core using Guid(d4e5f59d527024e40bf33c823d352f8c) Importer(815301076,1909f56bfc062723c751e8b465ee728b)  -> (artifact id: '535a80089f83ff16b5dd066835f13fb6') in 0.008111 seconds
  Import took 0.013144 seconds .

========================================================================
Received Import Request.
  Time since last request: 0.049805 seconds.
  path: Assets/Prefabs/Core/Selection.prefab
  artifactKey: Guid(6f846d6ed95b1df4cbe483a8a11d220b) Importer(815301076,1909f56bfc062723c751e8b465ee728b)
Start importing Assets/Prefabs/Core/Selection.prefab using Guid(6f846d6ed95b1df4cbe483a8a11d220b) Importer(815301076,1909f56bfc062723c751e8b465ee728b)  -> (artifact id: 'bf39d6ef6929d56952065c7cbed259c3') in 0.010885 seconds
  Import took 0.015217 seconds .

========================================================================
Received Import Request.
  Time since last request: 32.675298 seconds.
  path: Assets/Prefabs/Core/Selection.prefab
  artifactKey: Guid(6f846d6ed95b1df4cbe483a8a11d220b) Importer(815301076,1909f56bfc062723c751e8b465ee728b)
Start importing Assets/Prefabs/Core/Selection.prefab using Guid(6f846d6ed95b1df4cbe483a8a11d220b) Importer(815301076,1909f56bfc062723c751e8b465ee728b)  -> (artifact id: 'fb4208d117f659bbbb0f296694abeb55') in 0.012051 seconds
  Import took 0.017660 seconds .

========================================================================
Received Import Request.
  Time since last request: 0.569449 seconds.
  path: Assets/Prefabs/Core/Selection.prefab
  artifactKey: Guid(6f846d6ed95b1df4cbe483a8a11d220b) Importer(815301076,1909f56bfc062723c751e8b465ee728b)
Start importing Assets/Prefabs/Core/Selection.prefab using Guid(6f846d6ed95b1df4cbe483a8a11d220b) Importer(815301076,1909f56bfc062723c751e8b465ee728b)  -> (artifact id: '068e4f643cbe9f1d44e6db977b2e36af') in 0.009421 seconds
  Import took 0.014755 seconds .

========================================================================
Received Import Request.
  Time since last request: 18.144329 seconds.
  path: Assets/Prefabs/Core/Selection.prefab
  artifactKey: Guid(6f846d6ed95b1df4cbe483a8a11d220b) Importer(815301076,1909f56bfc062723c751e8b465ee728b)
Start importing Assets/Prefabs/Core/Selection.prefab using Guid(6f846d6ed95b1df4cbe483a8a11d220b) Importer(815301076,1909f56bfc062723c751e8b465ee728b)  -> (artifact id: '347f3d9b08273d671dc4ab2e02becc71') in 0.036868 seconds
  Import took 0.044589 seconds .

========================================================================
Received Import Request.
  Time since last request: 5.020300 seconds.
  path: Assets/Prefabs/Core/Selection.prefab
  artifactKey: Guid(6f846d6ed95b1df4cbe483a8a11d220b) Importer(815301076,1909f56bfc062723c751e8b465ee728b)
Start importing Assets/Prefabs/Core/Selection.prefab using Guid(6f846d6ed95b1df4cbe483a8a11d220b) Importer(815301076,1909f56bfc062723c751e8b465ee728b)  -> (artifact id: '1494112f6080ea2f4a8a594e37b5e8d5') in 0.019062 seconds
  Import took 0.025182 seconds .

========================================================================
Received Import Request.
  Time since last request: 2.203901 seconds.
  path: Assets/Prefabs/Core/Selection.prefab
  artifactKey: Guid(6f846d6ed95b1df4cbe483a8a11d220b) Importer(815301076,1909f56bfc062723c751e8b465ee728b)
Start importing Assets/Prefabs/Core/Selection.prefab using Guid(6f846d6ed95b1df4cbe483a8a11d220b) Importer(815301076,1909f56bfc062723c751e8b465ee728b)  -> (artifact id: '99fbcef2cc422b58d7e69ed45b8bb89c') in 0.013678 seconds
  Import took 0.018181 seconds .

========================================================================
Received Import Request.
  Time since last request: 7.739998 seconds.
  path: Assets/Prefabs/Core/Selection.prefab
  artifactKey: Guid(6f846d6ed95b1df4cbe483a8a11d220b) Importer(815301076,1909f56bfc062723c751e8b465ee728b)
Start importing Assets/Prefabs/Core/Selection.prefab using Guid(6f846d6ed95b1df4cbe483a8a11d220b) Importer(815301076,1909f56bfc062723c751e8b465ee728b)  -> (artifact id: '31d00b8dff7ab77dac7cfced43d7c43b') in 0.009417 seconds
  Import took 0.014267 seconds .

========================================================================
Received Import Request.
  Time since last request: 29.832225 seconds.
  path: Assets/Prefabs/Core/Selection.prefab
  artifactKey: Guid(6f846d6ed95b1df4cbe483a8a11d220b) Importer(815301076,1909f56bfc062723c751e8b465ee728b)
Start importing Assets/Prefabs/Core/Selection.prefab using Guid(6f846d6ed95b1df4cbe483a8a11d220b) Importer(815301076,1909f56bfc062723c751e8b465ee728b)  -> (artifact id: 'b6e7244044c2461d2eafd0b517a691fc') in 0.033275 seconds
  Import took 0.048125 seconds .

========================================================================
Received Import Request.
  Time since last request: 2.929247 seconds.
  path: Assets/Prefabs/Core/Selection.prefab
  artifactKey: Guid(6f846d6ed95b1df4cbe483a8a11d220b) Importer(815301076,1909f56bfc062723c751e8b465ee728b)
Start importing Assets/Prefabs/Core/Selection.prefab using Guid(6f846d6ed95b1df4cbe483a8a11d220b) Importer(815301076,1909f56bfc062723c751e8b465ee728b)  -> (artifact id: '42fd02745add849be0e804137fe1c18b') in 0.019879 seconds
  Import took 0.024638 seconds .

========================================================================
Received Import Request.
  Time since last request: 2.004633 seconds.
  path: Assets/Prefabs/Core/Selection.prefab
  artifactKey: Guid(6f846d6ed95b1df4cbe483a8a11d220b) Importer(815301076,1909f56bfc062723c751e8b465ee728b)
Start importing Assets/Prefabs/Core/Selection.prefab using Guid(6f846d6ed95b1df4cbe483a8a11d220b) Importer(815301076,1909f56bfc062723c751e8b465ee728b)  -> (artifact id: '183fa42debf9c5b4f996108c76fbb919') in 0.017090 seconds
  Import took 0.022859 seconds .

========================================================================
Received Import Request.
  Time since last request: 3.407847 seconds.
  path: Assets/Prefabs/Core/Selection.prefab
  artifactKey: Guid(6f846d6ed95b1df4cbe483a8a11d220b) Importer(815301076,1909f56bfc062723c751e8b465ee728b)
Start importing Assets/Prefabs/Core/Selection.prefab using Guid(6f846d6ed95b1df4cbe483a8a11d220b) Importer(815301076,1909f56bfc062723c751e8b465ee728b)  -> (artifact id: 'a7ad680ebead3aa2b6de38a865a3757d') in 0.021203 seconds
  Import took 0.026672 seconds .

========================================================================
Received Import Request.
  Time since last request: 1.909584 seconds.
  path: Assets/Prefabs/Core/Selection.prefab
  artifactKey: Guid(6f846d6ed95b1df4cbe483a8a11d220b) Importer(815301076,1909f56bfc062723c751e8b465ee728b)
Start importing Assets/Prefabs/Core/Selection.prefab using Guid(6f846d6ed95b1df4cbe483a8a11d220b) Importer(815301076,1909f56bfc062723c751e8b465ee728b)  -> (artifact id: '3bb662c0bbb8de3b63ecce3678c1a530') in 0.020459 seconds
  Import took 0.025497 seconds .

========================================================================
Received Import Request.
  Time since last request: 8.764719 seconds.
  path: Assets/Materials/Selection
  artifactKey: Guid(3e56d2ff776afae4498b0d78660e0cc2) Importer(815301076,1909f56bfc062723c751e8b465ee728b)
Start importing Assets/Materials/Selection using Guid(3e56d2ff776afae4498b0d78660e0cc2) Importer(815301076,1909f56bfc062723c751e8b465ee728b)  -> (artifact id: '44d4f12703161e2565f0f77ff8ca9815') in 0.005637 seconds
  Import took 0.010046 seconds .

========================================================================
Received Import Request.
  Time since last request: 0.060123 seconds.
  path: Assets/Materials/Selection/PathingDot.mat
  artifactKey: Guid(87f26386efb7b4240abd42d19c84201e) Importer(815301076,1909f56bfc062723c751e8b465ee728b)
Start importing Assets/Materials/Selection/PathingDot.mat using Guid(87f26386efb7b4240abd42d19c84201e) Importer(815301076,1909f56bfc062723c751e8b465ee728b)  -> (artifact id: '06ed5d2dba555bcd6b153829cea02540') in 0.059801 seconds
  Import took 0.065683 seconds .

========================================================================
Received Import Request.
  Time since last request: 0.000502 seconds.
  path: Assets/Materials/Selection/selectionMat.mat
  artifactKey: Guid(e990a6d6834bd3045bf5873e62387dc7) Importer(815301076,1909f56bfc062723c751e8b465ee728b)
Start importing Assets/Materials/Selection/selectionMat.mat using Guid(e990a6d6834bd3045bf5873e62387dc7) Importer(815301076,1909f56bfc062723c751e8b465ee728b)  -> (artifact id: '34a742c6ba1326db8646d1918c69fb00') in 0.042781 seconds
  Import took 0.047951 seconds .

========================================================================
Received Import Request.
  Time since last request: 0.000469 seconds.
  path: Assets/Materials/Selection/selection.png
  artifactKey: Guid(d41d3e5029773ea41a7fef8a9b079457) Importer(815301076,1909f56bfc062723c751e8b465ee728b)
Start importing Assets/Materials/Selection/selection.png using Guid(d41d3e5029773ea41a7fef8a9b079457) Importer(815301076,1909f56bfc062723c751e8b465ee728b)  -> (artifact id: 'bc1dfef4eb341086c02fa106746fed95') in 0.064040 seconds
  Import took 0.072868 seconds .

========================================================================
Received Import Request.
  Time since last request: 0.000420 seconds.
  path: Assets/Materials/Selection/plane.mat
  artifactKey: Guid(171791f9695eaf942865b8306b3b4288) Importer(815301076,1909f56bfc062723c751e8b465ee728b)
Start importing Assets/Materials/Selection/plane.mat using Guid(171791f9695eaf942865b8306b3b4288) Importer(815301076,1909f56bfc062723c751e8b465ee728b)  -> (artifact id: '157f442f0096dfffc1b173a2f8edd5d2') in 0.015906 seconds
  Import took 0.020842 seconds .

========================================================================
Received Prepare
Registering precompiled user dll's ...
Registered in 0.003797 seconds.
Begin MonoManager ReloadAssembly
Native extension for WindowsStandalone target not found
Refreshing native plugins compatible for Editor in 4.51 ms, found 0 plugins.
Preloading 0 native plugins for Editor in 0.00 ms.
Invoked RoslynAnalysisRunner static constructor.
RoslynAnalysisRunner will not be running.
RoslynAnalysisRunner has terminated.
Mono: successfully reloaded assembly
- Completed reload, in  1.201 seconds
Platform modules already initialized, skipping
Shader 'Universal Render Pipeline/Particles/Lit': fallback shader 'Universal Render Pipeline/Particles/SimpleLit' not found
Refreshing native plugins compatible for Editor in 1.00 ms, found 0 plugins.
Preloading 0 native plugins for Editor in 0.00 ms.
Unloading 2324 Unused Serialized files (Serialized files now loaded: 0)
System memory in use before: 122.0 MB.
System memory in use after: 122.3 MB.

Unloading 6 unused Assets to reduce memory usage. Loaded Objects now: 3063.
Total: 6.744600 ms (FindLiveObjects: 0.604300 ms CreateObjectMapping: 0.290100 ms MarkObjects: 5.788100 ms  DeleteObjects: 0.060100 ms)

========================================================================
Received Prepare
Registering precompiled user dll's ...
Registered in 0.003380 seconds.
Begin MonoManager ReloadAssembly
Native extension for WindowsStandalone target not found
Refreshing native plugins compatible for Editor in 0.53 ms, found 0 plugins.
Preloading 0 native plugins for Editor in 0.00 ms.
Invoked RoslynAnalysisRunner static constructor.
RoslynAnalysisRunner will not be running.
RoslynAnalysisRunner has terminated.
Mono: successfully reloaded assembly
- Completed reload, in  1.145 seconds
Platform modules already initialized, skipping
Shader 'Universal Render Pipeline/Particles/Lit': fallback shader 'Universal Render Pipeline/Particles/SimpleLit' not found
Refreshing native plugins compatible for Editor in 0.52 ms, found 0 plugins.
Preloading 0 native plugins for Editor in 0.00 ms.
Unloading 2324 Unused Serialized files (Serialized files now loaded: 0)
System memory in use before: 121.9 MB.
System memory in use after: 122.2 MB.

Unloading 5 unused Assets to reduce memory usage. Loaded Objects now: 3066.
Total: 2.707000 ms (FindLiveObjects: 0.449900 ms CreateObjectMapping: 0.154800 ms MarkObjects: 2.084500 ms  DeleteObjects: 0.016700 ms)

========================================================================
Received Prepare
Registering precompiled user dll's ...
Registered in 0.004060 seconds.
Begin MonoManager ReloadAssembly
Native extension for WindowsStandalone target not found
Refreshing native plugins compatible for Editor in 0.66 ms, found 0 plugins.
Preloading 0 native plugins for Editor in 0.00 ms.
Invoked RoslynAnalysisRunner static constructor.
RoslynAnalysisRunner will not be running.
RoslynAnalysisRunner has terminated.
Mono: successfully reloaded assembly
- Completed reload, in  1.101 seconds
Platform modules already initialized, skipping
Shader 'Universal Render Pipeline/Particles/Lit': fallback shader 'Universal Render Pipeline/Particles/SimpleLit' not found
Refreshing native plugins compatible for Editor in 0.54 ms, found 0 plugins.
Preloading 0 native plugins for Editor in 0.00 ms.
Unloading 2324 Unused Serialized files (Serialized files now loaded: 0)
System memory in use before: 122.0 MB.
System memory in use after: 122.3 MB.

Unloading 5 unused Assets to reduce memory usage. Loaded Objects now: 3069.
Total: 2.560000 ms (FindLiveObjects: 0.267100 ms CreateObjectMapping: 0.101500 ms MarkObjects: 2.175400 ms  DeleteObjects: 0.015400 ms)

========================================================================
Received Import Request.
  Time since last request: 163.742494 seconds.
  path: Assets/Prefabs/Core/Selection.prefab
  artifactKey: Guid(6f846d6ed95b1df4cbe483a8a11d220b) Importer(815301076,1909f56bfc062723c751e8b465ee728b)
Start importing Assets/Prefabs/Core/Selection.prefab using Guid(6f846d6ed95b1df4cbe483a8a11d220b) Importer(815301076,1909f56bfc062723c751e8b465ee728b)  -> (artifact id: 'c85dc60e3cd12294667238178c0761af') in 0.178610 seconds
  Import took 0.185521 seconds .

========================================================================
Received Import Request.
  Time since last request: 15.344498 seconds.
  path: Assets/Prefabs/Core/Selection.prefab
  artifactKey: Guid(6f846d6ed95b1df4cbe483a8a11d220b) Importer(815301076,1909f56bfc062723c751e8b465ee728b)
Start importing Assets/Prefabs/Core/Selection.prefab using Guid(6f846d6ed95b1df4cbe483a8a11d220b) Importer(815301076,1909f56bfc062723c751e8b465ee728b)  -> (artifact id: '2ab8eab571b69fbcfcd8eb722d90f3fe') in 0.010303 seconds
  Import took 0.015632 seconds .

========================================================================
Received Prepare
Registering precompiled user dll's ...
Registered in 0.003932 seconds.
Begin MonoManager ReloadAssembly
Native extension for WindowsStandalone target not found
Refreshing native plugins compatible for Editor in 0.61 ms, found 0 plugins.
Preloading 0 native plugins for Editor in 0.00 ms.
Invoked RoslynAnalysisRunner static constructor.
RoslynAnalysisRunner will not be running.
RoslynAnalysisRunner has terminated.
Mono: successfully reloaded assembly
- Completed reload, in  1.333 seconds
Platform modules already initialized, skipping
Shader 'Universal Render Pipeline/Particles/Lit': fallback shader 'Universal Render Pipeline/Particles/SimpleLit' not found
Refreshing native plugins compatible for Editor in 0.87 ms, found 0 plugins.
Preloading 0 native plugins for Editor in 0.00 ms.
Unloading 2324 Unused Serialized files (Serialized files now loaded: 0)
System memory in use before: 122.1 MB.
System memory in use after: 122.4 MB.

Unloading 5 unused Assets to reduce memory usage. Loaded Objects now: 3108.
Total: 2.585300 ms (FindLiveObjects: 0.295700 ms CreateObjectMapping: 0.100300 ms MarkObjects: 2.151600 ms  DeleteObjects: 0.034600 ms)

========================================================================
Received Prepare
Registering precompiled user dll's ...
Registered in 0.003851 seconds.
Begin MonoManager ReloadAssembly
Native extension for WindowsStandalone target not found
Refreshing native plugins compatible for Editor in 0.51 ms, found 0 plugins.
Preloading 0 native plugins for Editor in 0.00 ms.
Invoked RoslynAnalysisRunner static constructor.
RoslynAnalysisRunner will not be running.
RoslynAnalysisRunner has terminated.
Mono: successfully reloaded assembly
- Completed reload, in  1.300 seconds
Platform modules already initialized, skipping
Shader 'Universal Render Pipeline/Particles/Lit': fallback shader 'Universal Render Pipeline/Particles/SimpleLit' not found
Refreshing native plugins compatible for Editor in 0.53 ms, found 0 plugins.
Preloading 0 native plugins for Editor in 0.00 ms.
Unloading 2324 Unused Serialized files (Serialized files now loaded: 0)
System memory in use before: 122.2 MB.
System memory in use after: 122.4 MB.

Unloading 5 unused Assets to reduce memory usage. Loaded Objects now: 3111.
Total: 3.635900 ms (FindLiveObjects: 0.927000 ms CreateObjectMapping: 0.257500 ms MarkObjects: 2.421300 ms  DeleteObjects: 0.023300 ms)

========================================================================
Received Prepare
Registering precompiled user dll's ...
Registered in 0.004004 seconds.
Begin MonoManager ReloadAssembly
Native extension for WindowsStandalone target not found
Refreshing native plugins compatible for Editor in 0.49 ms, found 0 plugins.
Preloading 0 native plugins for Editor in 0.00 ms.
Invoked RoslynAnalysisRunner static constructor.
RoslynAnalysisRunner will not be running.
RoslynAnalysisRunner has terminated.
Mono: successfully reloaded assembly
- Completed reload, in  1.111 seconds
Platform modules already initialized, skipping
Shader 'Universal Render Pipeline/Particles/Lit': fallback shader 'Universal Render Pipeline/Particles/SimpleLit' not found
Refreshing native plugins compatible for Editor in 0.82 ms, found 0 plugins.
Preloading 0 native plugins for Editor in 0.00 ms.
Unloading 2324 Unused Serialized files (Serialized files now loaded: 0)
System memory in use before: 122.2 MB.
System memory in use after: 122.4 MB.

Unloading 5 unused Assets to reduce memory usage. Loaded Objects now: 3114.
Total: 2.657800 ms (FindLiveObjects: 0.424000 ms CreateObjectMapping: 0.104900 ms MarkObjects: 2.098500 ms  DeleteObjects: 0.029100 ms)

========================================================================
Received Prepare
Registering precompiled user dll's ...
Registered in 0.003767 seconds.
Begin MonoManager ReloadAssembly
Native extension for WindowsStandalone target not found
Refreshing native plugins compatible for Editor in 0.58 ms, found 0 plugins.
Preloading 0 native plugins for Editor in 0.00 ms.
Invoked RoslynAnalysisRunner static constructor.
RoslynAnalysisRunner will not be running.
RoslynAnalysisRunner has terminated.
Mono: successfully reloaded assembly
- Completed reload, in  1.353 seconds
Platform modules already initialized, skipping
Shader 'Universal Render Pipeline/Particles/Lit': fallback shader 'Universal Render Pipeline/Particles/SimpleLit' not found
Refreshing native plugins compatible for Editor in 0.92 ms, found 0 plugins.
Preloading 0 native plugins for Editor in 0.00 ms.
Unloading 2324 Unused Serialized files (Serialized files now loaded: 0)
System memory in use before: 122.1 MB.
System memory in use after: 122.3 MB.

Unloading 5 unused Assets to reduce memory usage. Loaded Objects now: 3117.
Total: 2.527400 ms (FindLiveObjects: 0.415600 ms CreateObjectMapping: 0.141000 ms MarkObjects: 1.944200 ms  DeleteObjects: 0.025400 ms)

========================================================================
Received Prepare
Registering precompiled user dll's ...
Registered in 0.003613 seconds.
Begin MonoManager ReloadAssembly
Native extension for WindowsStandalone target not found
Refreshing native plugins compatible for Editor in 0.52 ms, found 0 plugins.
Preloading 0 native plugins for Editor in 0.00 ms.
Invoked RoslynAnalysisRunner static constructor.
RoslynAnalysisRunner will not be running.
RoslynAnalysisRunner has terminated.
Mono: successfully reloaded assembly
- Completed reload, in  1.134 seconds
Platform modules already initialized, skipping
Shader 'Universal Render Pipeline/Particles/Lit': fallback shader 'Universal Render Pipeline/Particles/SimpleLit' not found
Refreshing native plugins compatible for Editor in 0.51 ms, found 0 plugins.
Preloading 0 native plugins for Editor in 0.00 ms.
Unloading 2324 Unused Serialized files (Serialized files now loaded: 0)
System memory in use before: 122.2 MB.
System memory in use after: 122.4 MB.

Unloading 5 unused Assets to reduce memory usage. Loaded Objects now: 3120.
Total: 2.297800 ms (FindLiveObjects: 0.324900 ms CreateObjectMapping: 0.101400 ms MarkObjects: 1.832400 ms  DeleteObjects: 0.038000 ms)

========================================================================
Received Prepare
Registering precompiled user dll's ...
Registered in 0.003284 seconds.
Begin MonoManager ReloadAssembly
Native extension for WindowsStandalone target not found
Refreshing native plugins compatible for Editor in 0.58 ms, found 0 plugins.
Preloading 0 native plugins for Editor in 0.00 ms.
Invoked RoslynAnalysisRunner static constructor.
RoslynAnalysisRunner will not be running.
RoslynAnalysisRunner has terminated.
Mono: successfully reloaded assembly
- Completed reload, in  1.418 seconds
Platform modules already initialized, skipping
Shader 'Universal Render Pipeline/Particles/Lit': fallback shader 'Universal Render Pipeline/Particles/SimpleLit' not found
Refreshing native plugins compatible for Editor in 0.69 ms, found 0 plugins.
Preloading 0 native plugins for Editor in 0.00 ms.
Unloading 2324 Unused Serialized files (Serialized files now loaded: 0)
System memory in use before: 122.2 MB.
System memory in use after: 122.4 MB.

Unloading 5 unused Assets to reduce memory usage. Loaded Objects now: 3123.
Total: 3.723700 ms (FindLiveObjects: 0.556000 ms CreateObjectMapping: 0.217400 ms MarkObjects: 2.904300 ms  DeleteObjects: 0.042100 ms)

AssetImportWorkerClient::OnTransportError - code=2 error=End of file
